  my_task,e,w,n,s  0,  1,  3,  4,  -1
  my_task,e,w,n,s  1,  2,  0,  5,  -1
  my_task,e,w,n,s  2,  3,  1,  6,  -1
  my_task,e,w,n,s  3,  0,  2,  7,  -1
  my_task,e,w,n,s  4,  5,  7,  -1,  0
  my_task,e,w,n,s  5,  6,  4,  -1,  1
  my_task,e,w,n,s  6,  7,  5,  -1,  2
  my_task,e,w,n,s  7,  4,  6,  -1,  3
  dt= 7200.0  ndte=120  npt=  4380  year=       1  istep0=       0
  diagfreq= 12  histfreq= m  dumpfreq= y
  kitd= 1  kdyn= 1  kstrength= 1
  
 Damping procedure NOT used in evp dynamics
  
  
 Advection algorithm is mpdata2                                                                         
  
 Diagnostic data for the grid points specified
 in ice_diagnostics.F will be printed
  
 Displaced pole grid
 The grid file is global_100x116.grid                                                             
 The land mask file is global_100x116.kmt                                                              
 The dump file prefix is iced                                                                            
 The restart file pointer is ice.restart_file                                                                
 The history file prefix is iceh                                                                            
 History data will be averaged over 1 m
  read_global  11,  1,  -1.361480777409338,  1.5690510061344931
  read_global  11,  2,  0.E+0,  6.2831853973302998
  read_global  11,  3,  372424.00940306787,  40023891.520500526
  read_global  11,  4,  9205227.4712914396,  25237286.550576087
  read_global  11,  7,  -3.1063347658860363,  3.1415926535897931
  read_global  12,  1,  0.E+0,  25.
 min/max ULONG 0.E+0,  6.2831853973302998
 min/max TLON_G -3.1391192863011401,  3.141479224510479
 min/max ULATG -1.361480777409338,  1.5690510061344931
 min/max TLAT_G -1.3776754128936139,  1.5534740680456176
 the following variables will be written to the history tape: 
  description                             units     netcdf variable
 grid box mean ice thickness               m           hi        
 grid box mean snow thickness              m           hs        
 snow/ice surface temperature              C           Tsfc      
 ice area  (aggregate)                                 aice      
 ice velocity (x)                           m/s        uvel      
 ice velocity (y)                           m/s        vvel      
 down solar flux                           W/m^2       Fswdn     
 down longwave flux                        W/m^2       Flwdn     
 snow fall rate                            cm/day      snow      
 sea surface temperature                   C           sst       
 sea surface salinity                      psu         sss       
 freeze/melt potential                     W/m^2       Focnht    
 absorbed solar flx                        W/m^2       Fswabs    
 snw/ice broad band albedo                 %           albsni    
 latent heat flux                          W/m^2       Flat      
 sensible heat flux                        W/m^2       Fsens     
 outgoing long wave flux                   W/m^2       Flwup     
 air       temperature                     C           Tair      
 congelation ice growth                    cm/day      congel    
 frazil ice growth                         cm/day      frazil    
 snow-ice formation                        cm/day      snoice    
 basal ice melt                            cm/day      meltb     
 top ice melt                              cm/day      meltt     
 heat flux ice to ocean                    W/m^2       Fioht     
 atm/ice stress (x)                        N/m^2       straix    
 atm/ice stress (y)                        N/m^2       straiy    
 compressive ice strength                  N/m         strength  
 strain rate (divergence)                  %/day       divu      
 strain rate (shear)                       %/day       shear     
 norm. principal stress 1                              sig1      
 norm. principal stress 2                              sig2      
  
 dt =  7200.   dte =  60.   tdamp =  2592.
 
 hin_max(nc-1) < Cat nc < hin_max(nc)
 0.E+0  < Cat  1  <  0.6445072168194258
 0.6445072168194258  < Cat  2  <  1.3914334975763036
 1.3914334975763036  < Cat  3  <  2.4701793819598885
 2.4701793819598885  < Cat  4  <  4.5672879188504911
 4.5672879188504911  < Cat  5  <  9.3338418158681726
 read ice.restart_file
 dump read at istep= 83220,  599184000.,  0.E+0
 cat  1  min/max area, vol ice, vol snow, Tsfc, esnon
  read_global  50,  0,  0.E+0,  0.99891338865801838
  read_global  50,  0,  0.E+0,  0.32634989521246438
  read_global  50,  0,  0.E+0,  9.77918253432619178E-2
  read_global  50,  0,  -31.398571828336955,  0.E+0
  read_global  50,  0,  -11399470.401678812,  0.E+0
 cat  2  min/max area, vol ice, vol snow, Tsfc, esnon
  read_global  50,  0,  0.E+0,  0.98704846344286756
  read_global  50,  0,  0.E+0,  0.93721164572405502
  read_global  50,  0,  0.E+0,  0.2372922888907173
  read_global  50,  0,  -33.862865965872793,  0.E+0
  read_global  50,  0,  -26440958.58362592,  0.E+0
 cat  3  min/max area, vol ice, vol snow, Tsfc, esnon
  read_global  50,  0,  0.E+0,  0.72886434777656184
  read_global  50,  0,  0.E+0,  1.395875275434191
  read_global  50,  0,  0.E+0,  0.40671838449444919
  read_global  50,  0,  -34.689480044013088,  0.E+0
  read_global  50,  0,  -45224265.103626639,  0.E+0
 cat  4  min/max area, vol ice, vol snow, Tsfc, esnon
  read_global  50,  0,  0.E+0,  0.7032005240867909
  read_global  50,  0,  0.E+0,  2.5642068222036105
  read_global  50,  0,  0.E+0,  0.79673730150010402
  read_global  50,  0,  -35.523293363797904,  0.E+0
  read_global  50,  0,  -89055699.124924049,  0.E+0
 cat  5  min/max area, vol ice, vol snow, Tsfc, esnon
  read_global  50,  0,  0.E+0,  0.83967305491046873
  read_global  50,  0,  0.E+0,  6.1329207212601196
  read_global  50,  0,  0.E+0,  1.533743027017257
  read_global  50,  0,  -35.696084437478426,  0.E+0
  read_global  50,  0,  -189437367.76876816,  0.E+0
 min/max eicen for each layer
  read_global  50,  0,  -26519827.186134402,  0.E+0
  read_global  50,  0,  -25758924.066667456,  0.E+0
  read_global  50,  0,  -24970958.301269908,  0.E+0
  read_global  50,  0,  -23774871.903291505,  0.E+0
  read_global  50,  0,  -78369678.661580116,  0.E+0
  read_global  50,  0,  -75771543.900973514,  0.E+0
  read_global  50,  0,  -73213706.144548208,  0.E+0
  read_global  50,  0,  -69519067.322701275,  0.E+0
  read_global  50,  0,  -117306902.25582138,  0.E+0
  read_global  50,  0,  -113698189.80333363,  0.E+0
  read_global  50,  0,  -109815217.94582741,  0.E+0
  read_global  50,  0,  -104307748.7704986,  0.E+0
  read_global  50,  0,  -200144338.73144791,  0.E+0
  read_global  50,  0,  -196087786.10755962,  0.E+0
  read_global  50,  0,  -192569007.51885071,  0.E+0
  read_global  50,  0,  -186793786.21142304,  0.E+0
  read_global  50,  0,  -491526704.51061279,  0.E+0
  read_global  50,  0,  -476078206.8397128,  0.E+0
  read_global  50,  0,  -462161294.77470589,  0.E+0
  read_global  50,  0,  -444403929.29628128,  0.E+0
 min/max velocity components
  read_global  50,  0,  -0.25231105712164786,  0.17106211756453943
  read_global  50,  0,  -0.14285946458859422,  0.1492367938211083
 min/max fresh water and heat flux components
  read_global  50,  0,  0.E+0,  2.49939892208306896E-5
  read_global  50,  0,  0.E+0,  4.238992846652395
 min/max ice strength
  read_global  50,  0,  0.E+0,  195845.59907923662
 min/max ocean stress components
  read_global  50,  0,  -0.14157190538735498,  0.31951547138670927
  read_global  50,  0,  -0.12242074398304077,  0.13861517655936359
 min/max internal stress components (3 per triangle)
  read_global  50,  0,  -147789.0487578584,  0.E+0
  read_global  50,  0,  -45365.336306073703,  30557.870134309509
  read_global  50,  0,  -15103.448038066344,  19863.135529168783
  read_global  50,  0,  -149658.57850470103,  0.E+0
  read_global  50,  0,  -49914.704558923295,  33097.548146522233
  read_global  50,  0,  -14787.282849070547,  19430.524074347843
  read_global  50,  0,  -226772.16958688051,  0.E+0
  read_global  50,  0,  -29290.148950737574,  36994.813969846786
  read_global  50,  0,  -30471.753696014901,  20499.852729535261
  read_global  50,  0,  -186092.7587305546,  0.E+0
  read_global  50,  0,  -27426.325307829145,  32382.184245472024
  read_global  50,  0,  -25010.069283358323,  23417.432259771063
 ice mask for dynamics
  read_global  50,  0,  0.E+0,  1.
 min/max sst, Fhocn, frzmlt
  read_global  50,  0,  -1.9167492427153905,  31.173585165710644
  read_global  50,  0,  -528.27833072056171,  682.60981395522845
  read_global  50,  0,  -1000.,  682.60981395522845
  
 istep1: 83220  date:  200101  sec:  0
  initialize diagnostic prints 
  find indices of points 
 found point   1
   lat     lon     TLAT    TLON    iindx jindx 
   90.0     0.0    88.7    -0.2      49   110
 found point   2
   lat     lon     TLAT    TLON    iindx jindx 
  -70.0    40.0   -67.9    41.4      23     7
  
 Finished writing iceh.00200101.incond.nc
  
 ./data_in/cldf_gx3_85-88.dat                                                    
 ./data_in/prec_gx3_85-88.dat                                                    
 ./data_in/swdn_gx3_85-88.dat                                                    
 ./data_in/u_10_gx3_85-88.dat                                                    
 ./data_in/v_10_gx3_85-88.dat                                                    
 ./data_in/t_10_gx3_85-88.dat                                                    
 ./data_in/q_10_gx3_85-88.dat                                                    
 ./data_in/dn10_gx3_85-88.dat                                                    
  
 istep1: 83232  date:  200102  sec:  0
                                             Arctic                 Antarctic
max cH (m)             =        6.39547104947353695       5.29776835080431585
total area (km^2)      =    1.48059760952683464E+07   1.12683699621652402E+07
total ice volume (m^3) =    2.44075923282048750E+13   1.73309232260218438E+13
total snw volume (m^3) =    2.29938819209477637E+12   4.71751653051676270E+12
average albedo         =        0.72058820963077241       0.66315671193710068
max u, v (m/s)         =        0.15570991154973859       0.17699958706727834
                          
       Lat, Long                     88.7   -0.2          -67.9   41.4
     my_task, i, j                   5.  25.  53.           0.  24.   8.
 ----------atm----------
air temperature (C)    =      -23.12579948157468830      -0.90182063051861405
specific humidity      =        0.00065255958010914       0.00315119331828221
snowfall (m)           =        0.00007413554242015       0.00005015361708839
total snow to date (m) =        0.00088962650904177       0.00060184340506072
rainfall (m)           =        0.00000000000000000       0.00000000000000000
shortwave radiation sum=        0.10199027492522345     284.26224772962677900
longwave radiation     =      198.53426064327069900     252.59089475387548900
 ----------ice----------
area fraction          =        0.99908720242808779       0.82657171868578261
avg ice thickness (m)  =        2.18084736781929189       0.86401381108653197
avg snow depth (m)     =        0.21045016138111206       0.21918405536133861
surface temperature(C) =      -23.83678928887704270      -0.01637489317812424
sensible heat flx      =        5.43132254353165234      -2.95112670714770653
latent heat flx        =        1.71807803220998667      -4.38945316537972641
subl/cond (m ice)      =       -0.00000468236324164       0.00001215339221585
top melt (m)           =        0.00000000000000000       0.00015933531073039
bottom melt (m)        =        0.00000000000000000       0.00126079887927919
new ice (m)            =        0.00000000000000000       0.00000000000000000
congelation (m)        =        0.00044733290809598       0.00000000000000000
snow-ice (m)           =        0.00000000000000000       0.00011920030501727
effective dhi (m)      =        0.00038241620700941      -0.00101189613379948
effective dhs (m)      =        0.00006227037800591      -0.00034956530131899
intnl enrgy chng(W/m^2)=        9.99203078432215541     -51.55502808992647350
thermo diag (m)        =        0.00038241620700941      -0.00101189613379948
 ----------ocn----------
sst (C)                =       -1.69463482477021898      -1.83039179443068178
freezing temp (C)      =       -1.69463862376095054      -1.83197159427513756
heat used (W/m^2)      =        0.56374663647509327      54.30936301607341930
  
 istep1: 83244  date:  200103  sec:  0
                                             Arctic                 Antarctic
max cH (m)             =        6.39598163618259541       5.29929318042523168
total area (km^2)      =    1.48540102299622111E+07   1.11169493300803117E+07
total ice volume (m^3) =    2.45039187440476953E+13   1.70818235441591875E+13
total snw volume (m^3) =    2.31700689723297803E+12   4.64149340416950586E+12
average albedo         =        0.72198701611334259       0.66399469995437732
max u, v (m/s)         =        0.22138396252881731       0.17606062033567582
                          
       Lat, Long                     88.7   -0.2          -67.9   41.4
     my_task, i, j                   5.  25.  53.           0.  24.   8.
 ----------atm----------
air temperature (C)    =      -25.60073151524426290      -1.81683717013754631
specific humidity      =        0.00027181385109538       0.00299720532814983
snowfall (m)           =        0.00007403092277461       0.00004851904482914
total snow to date (m) =        0.00177799758233715       0.00118407194301039
rainfall (m)           =        0.00000000000000000       0.00000000000000000
shortwave radiation sum=        0.09840593834064124     283.03975830954669800
longwave radiation     =      194.34057232649036000     249.37947402624897100
 ----------ice----------
area fraction          =        0.99892718992542240       0.82176227106923760
avg ice thickness (m)  =        2.18728583798137821       0.85509713090057649
avg snow depth (m)     =        0.21140466611739164       0.21564059359605792
surface temperature(C) =      -25.77675171426403720      -0.88737562351593624
sensible heat flx      =       -0.93169631391212915      -7.70074286254612517
latent heat flx        =       -1.71196093911785852     -11.44889665731494150
subl/cond (m ice)      =        0.00000467195040764       0.00003169694893598
top melt (m)           =        0.00000000000000000       0.00000000000000000
bottom melt (m)        =        0.00000000000000000       0.00124715103127121
new ice (m)            =        0.00000000000000000       0.00000000000000000
congelation (m)        =        0.00043509281674257       0.00000000000000000
snow-ice (m)           =        0.00000000000000000       0.00011185463954199
effective dhi (m)      =        0.00041556538789278      -0.00160026010928238
effective dhs (m)      =        0.00006124279433301      -0.00040949696205372
intnl enrgy chng(W/m^2)=       19.40795825805928840     -74.00810103067092880
thermo diag (m)        =        0.00041556538789278      -0.00160026010928238
 ----------ocn----------
sst (C)                =       -1.69470279167728677      -1.83013694086395162
freezing temp (C)      =       -1.69470813936936415      -1.83171684165240967
heat used (W/m^2)      =        0.35883395262362183      53.40595035256486510
  
 istep1: 83256  date:  200104  sec:  0
                                             Arctic                 Antarctic
max cH (m)             =        6.39658327217815348       5.30684284517752403
total area (km^2)      =    1.49346934004330039E+07   1.09681373668617141E+07
total ice volume (m^3) =    2.46001300368056914E+13   1.68334815896709961E+13
total snw volume (m^3) =    2.33489605452449609E+12   4.56971274751387793E+12
average albedo         =        0.72196640662744349       0.66047085035851116
max u, v (m/s)         =        0.18745102973049202       0.16820039210462473
                          
       Lat, Long                     88.7   -0.2          -67.9   41.4
     my_task, i, j                   5.  25.  53.           0.  24.   8.
 ----------atm----------
air temperature (C)    =      -26.42076883327291630      -1.79780176312112872
specific humidity      =        0.00040016602599581       0.00304974472924368
snowfall (m)           =        0.00007400932182900       0.00004700414216910
total snow to date (m) =        0.00266610944428514       0.00174812164903954
rainfall (m)           =        0.00000000000000000       0.00000000000000000
shortwave radiation sum=        0.09403510251597212     281.71465777448588600
longwave radiation     =      192.94137127354099400     249.44968160160573200
 ----------ice----------
area fraction          =        0.99850220564626935       0.80866496693584655
avg ice thickness (m)  =        2.19302638247504600       0.84631933101757961
avg snow depth (m)     =        0.21222679955375273       0.21296105276365676
surface temperature(C) =      -26.85859043781061930      -0.99381217929345667
sensible heat flx      =       -0.85473688318721952      -8.00504674286124462
latent heat flx        =       -0.38522487914644776     -11.26971611012502090
subl/cond (m ice)      =        0.00000105086038608       0.00003120191492153
top melt (m)           =        0.00000000000000000       0.00000000000000000
bottom melt (m)        =        0.00000000000000000       0.00129189602973685
new ice (m)            =        0.00000000000000000       0.00000000000000000
congelation (m)        =        0.00044218599786146       0.00000000000000000
snow-ice (m)           =        0.00000000000000000       0.00011950325708390
effective dhi (m)      =        0.00057248163172785      -0.00170156633969576
effective dhs (m)      =        0.00008251237515192      -0.00032444797170489
intnl enrgy chng(W/m^2)=       22.91954516732030460     -75.45239925225989450
thermo diag (m)        =        0.00057248163172785      -0.00170156633969576
 ----------ocn----------
sst (C)                =       -1.69478015547605310      -1.82983516504583577
freezing temp (C)      =       -1.69478025440907487      -1.83145295930315233
heat used (W/m^2)      =        0.22936027230573988      55.98466073989368400
  
 istep1: 83268  date:  200105  sec:  0
                                             Arctic                 Antarctic
max cH (m)             =        6.39727915496916921       5.29109679830650492
total area (km^2)      =    1.49480019851339832E+07   1.08212540209266357E+07
total ice volume (m^3) =    2.46926070150947031E+13   1.65851906536582363E+13
total snw volume (m^3) =    2.35335015642482568E+12   4.49729044117449219E+12
average albedo         =        0.72466642162658701       0.65886795156915490
max u, v (m/s)         =        0.16141545272058633       0.15661492674071667
                          
       Lat, Long                     88.7   -0.2          -67.9   41.4
     my_task, i, j                   5.  25.  53.           0.  24.   8.
 ----------atm----------
air temperature (C)    =      -28.22151904412717730      -1.60228126991967201
specific humidity      =        0.00036998578135333       0.00306227161544961
snowfall (m)           =        0.00007406795189297       0.00004560963165002
total snow to date (m) =        0.00355492486700074       0.00229543722883979
rainfall (m)           =        0.00000000000000000       0.00000000000000000
shortwave radiation sum=        0.08893731313500813     280.28949848583988600
longwave radiation     =      189.83695747765156600     250.13608533982619500
 ----------ice----------
area fraction          =        0.99821515577619968       0.79527072293333756
avg ice thickness (m)  =        2.19871679161881284       0.83761026940440819
avg snow depth (m)     =        0.21319706767872637       0.20968466619468726
surface temperature(C) =      -27.58435165118135050      -1.08883477778414317
sensible heat flx      =       -5.04819728943761170      -5.79358818413986043
latent heat flx        =       -0.76491756354985219      -8.95880094872112487
subl/cond (m ice)      =        0.00000208531456358       0.00002480646711575
top melt (m)           =        0.00000000000000000       0.00000000000000000
bottom melt (m)        =        0.00000000000000000       0.00134429832735456
new ice (m)            =        0.00000000000000000       0.00000000000000000
congelation (m)        =        0.00043969946096721       0.00000000000000000
snow-ice (m)           =        0.00000000000000000       0.00013130241825503
effective dhi (m)      =        0.00040125944902059      -0.00125290028865521
effective dhs (m)      =        0.00007190318398981      -0.00029310536435082
intnl enrgy chng(W/m^2)=       20.65666814509365420     -56.10475542660388730
thermo diag (m)        =        0.00040125944902059      -0.00125290028865521
 ----------ocn----------
sst (C)                =       -1.69485364306751762      -1.82947445214819027
freezing temp (C)      =       -1.69485476632101517      -1.83118037944462730
heat used (W/m^2)      =        0.01217171327120350      59.19202499937990320
  
 istep1: 83280  date:  200106  sec:  0
                                             Arctic                 Antarctic
max cH (m)             =        6.39863260962790736       5.28348435613442380
total area (km^2)      =    1.49842647262967229E+07   1.06723776863867119E+07
total ice volume (m^3) =    2.47838405486477695E+13   1.63366695670963750E+13
total snw volume (m^3) =    2.37233385970925586E+12   4.42666076440645508E+12
average albedo         =        0.72646975070978792       0.65811179227786831
max u, v (m/s)         =        0.19291741896637457       0.16491427476820272
                          
       Lat, Long                     88.7   -0.2          -67.9   41.4
     my_task, i, j                   5.  25.  53.           0.  24.   8.
 ----------atm----------
air temperature (C)    =      -31.04480392006939840      -1.27091018259193334
specific humidity      =        0.00027761835649142       0.00325457855961463
snowfall (m)           =        0.00007420402527619       0.00004433623581367
total snow to date (m) =        0.00444537317031497       0.00282747205860385
rainfall (m)           =        0.00000000000000000       0.00000000000000000
shortwave radiation sum=        0.08317211588154132     278.76683280500412800
longwave radiation     =      184.84796178557581900     251.31305100458013200
 ----------ice----------
area fraction          =        0.99980779639185513       0.77490503344909811
avg ice thickness (m)  =        2.20078295688728032       0.82919210429904500
avg snow depth (m)     =        0.21381666388221915       0.20703486379165650
surface temperature(C) =      -29.83071451034959410      -0.98280354369444467
sensible heat flx      =      -10.27760242769877230      -5.41253743190766823
latent heat flx        =       -1.16292683010610398     -14.52052637400780280
subl/cond (m ice)      =        0.00000316618654695       0.00004019607893725
top melt (m)           =        0.00000000000000000       0.00000000000000000
bottom melt (m)        =        0.00000000000000000       0.00143398101036703
new ice (m)            =        0.00000000000000000       0.00000000000000000
congelation (m)        =        0.00042555861386055       0.00000000000000000
snow-ice (m)           =        0.00000000000000000       0.00013513040439143
effective dhi (m)      =        0.00062209826022119      -0.00255883931810952
effective dhs (m)      =        0.00009281065914538      -0.00051375212677826
intnl enrgy chng(W/m^2)=       33.82320828520589370    -110.04578720129198600
thermo diag (m)        =        0.00062209826022119      -0.00255883931810952
 ----------ocn----------
sst (C)                =       -1.69493099588191853      -1.82903855765147227
freezing temp (C)      =       -1.69493147254612220      -1.83089953429409946
heat used (W/m^2)      =        0.86121925733876037      64.86611348546210820
  
 istep1: 83292  date:  200107  sec:  0
                                             Arctic                 Antarctic
max cH (m)             =        6.40001338689625143       5.27334466230501064
total area (km^2)      =    1.50769766726560555E+07   1.05191818648912869E+07
total ice volume (m^3) =    2.48783625871759453E+13   1.60870628425599688E+13
total snw volume (m^3) =    2.38984861996161621E+12   4.35658685355877295E+12
average albedo         =        0.72476530625762414       0.65569450527211937
max u, v (m/s)         =        0.27681270556919035       0.14921457147102352
                          
       Lat, Long                     88.7   -0.2          -67.9   41.4
     my_task, i, j                   5.  25.  53.           0.  24.   8.
 ----------atm----------
air temperature (C)    =      -32.95996123213166130      -1.21061256371768877
specific humidity      =        0.00021112602584096       0.00316630695675044
snowfall (m)           =        0.00007441475428832       0.00004318467720181
total snow to date (m) =        0.00533835022177483       0.00334568818502553
rainfall (m)           =        0.00000000000000000       0.00000000000000000
shortwave radiation sum=        0.07679905643936380     277.14921309337410100
longwave radiation     =      181.35878012243486500     251.55190296927429500
 ----------ice----------
area fraction          =        0.99947755699927632       0.76124919336590380
avg ice thickness (m)  =        2.20629865770049882       0.82224643011626242
avg snow depth (m)     =        0.21473032990199475       0.20605068948889438
surface temperature(C) =      -31.17075449197946570      -0.66546627241018541
sensible heat flx      =      -12.08989341055289660      -7.18842235101581917
latent heat flx        =       -1.37308150976155607     -15.63879536926153340
subl/cond (m ice)      =        0.00000373611859847       0.00004329407881093
top melt (m)           =        0.00000000000000000       0.00000000000000000
bottom melt (m)        =        0.00000000000000000       0.00152062702716499
new ice (m)            =        0.00000000000000000       0.00000000000000000
congelation (m)        =        0.00042544023380566       0.00000000000000000
snow-ice (m)           =        0.00000000000000000       0.00013887843689881
effective dhi (m)      =        0.00031344269805889      -0.00083586288353132
effective dhs (m)      =        0.00006200947806401      -0.00002884410328563
intnl enrgy chng(W/m^2)=       21.14459895864128920     -33.34925069742318730
thermo diag (m)        =        0.00031344269805889      -0.00083586288353132
 ----------ocn----------
sst (C)                =       -1.69500994960350226      -1.82861643681792430
freezing temp (C)      =       -1.69501017052532932      -1.83061085606883300
heat used (W/m^2)      =        0.63738417003469372      70.42486768563544790
  
 istep1: 83304  date:  200108  sec:  0
                                             Arctic                 Antarctic
max cH (m)             =        6.40060127510483756       5.26293328413392381
total area (km^2)      =    1.50616656441840883E+07   1.03581186033599842E+07
total ice volume (m^3) =    2.49718350554420234E+13   1.58363225574782539E+13
total snw volume (m^3) =    2.40782878574507568E+12   4.28443475317526807E+12
average albedo         =        0.72827024398735207       0.65544781895653548
max u, v (m/s)         =        0.21399637612021166       0.12859810878297179
                          
       Lat, Long                     88.7   -0.2          -67.9   41.4
     my_task, i, j                   5.  25.  53.           0.  24.   8.
 ----------atm----------
air temperature (C)    =      -27.05215969231633720      -0.92578890448487527
specific humidity      =        0.00052000932691610       0.00337942312816334
snowfall (m)           =        0.00007469735123904       0.00004215567835619
total snow to date (m) =        0.00623471843664333       0.00385155632529976
rainfall (m)           =        0.00000000000000000       0.00000000000000000
shortwave radiation sum=        0.06987768049226761     275.43919171234551900
longwave radiation     =      191.85845174066904000     252.59821992937412500
 ----------ice----------
area fraction          =        0.99895944867707132       0.74427765871864526
avg ice thickness (m)  =        2.21238352094208235       0.81492878472735952
avg snow depth (m)     =        0.21575414657291084       0.20409767266952195
surface temperature(C) =      -27.24608250590591750      -0.41826071425276723
sensible heat flx      =       -1.46931361504116520      -8.12015145746234168
latent heat flx        =        0.09565513795615303     -14.24362642380378400
subl/cond (m ice)      =       -0.00000026001501022       0.00003943264119071
top melt (m)           =        0.00000000000000000       0.00000000000000000
bottom melt (m)        =        0.00000000000000000       0.00162485331222043
new ice (m)            =        0.00000000000000000       0.00000000000000000
congelation (m)        =        0.00042246183706170       0.00000000000000000
snow-ice (m)           =        0.00000000000000000       0.00015654665925051
effective dhi (m)      =        0.00032600254212989      -0.00280944710400088
effective dhs (m)      =        0.00006950339182218      -0.00071537168408647
intnl enrgy chng(W/m^2)=       12.49488153335120980    -123.27111083151152100
thermo diag (m)        =        0.00032600254212989      -0.00280944710400088
 ----------ocn----------
sst (C)                =       -1.69509034555113658      -1.82812594912502391
freezing temp (C)      =       -1.69509065769957123      -1.83031477698609057
heat used (W/m^2)      =        0.36047915326005392      77.28058193202457460
  
 istep1: 83316  date:  200109  sec:  0
                                             Arctic                 Antarctic
max cH (m)             =        6.40208216076657788       5.25465122436894028
total area (km^2)      =    1.52168495726097170E+07   1.01903152243124973E+07
total ice volume (m^3) =    2.50647147246056875E+13   1.55837096287958184E+13
total snw volume (m^3) =    2.42666752740761914E+12   4.21346741657572949E+12
average albedo         =        0.72508545466295493       0.65297815372792734
max u, v (m/s)         =        0.20349940029901903       0.14350080205035173
                          
       Lat, Long                     88.7   -0.2          -67.9   41.4
     my_task, i, j                   5.  25.  53.           0.  24.   8.
 ----------atm----------
air temperature (C)    =      -28.92111458976830820      -1.10124213956794392
specific humidity      =        0.00032065863854251       0.00337441035126343
snowfall (m)           =        0.00007504902843801       0.00004124996181856
total snow to date (m) =        0.00713530677789950       0.00434655586712253
rainfall (m)           =        0.00000000000000000       0.00000000000000000
shortwave radiation sum=        0.06246753372404482     273.63932102331358500
longwave radiation     =      188.61610151868134700     252.01144499896528800
 ----------ice----------
area fraction          =        0.99845024145413619       0.71666614559559128
avg ice thickness (m)  =        2.21883745464443738       0.80360015345564217
avg snow depth (m)     =        0.21672677573905050       0.19815133365596466
surface temperature(C) =      -28.50457831536735400      -0.52283393910272480
sensible heat flx      =       -3.97308693088742659      -6.67090528692740392
latent heat flx        =       -0.96798761844948034      -8.96760391454906092
subl/cond (m ice)      =        0.00000263547625733       0.00002482897048054
top melt (m)           =        0.00000000000000000       0.00000000000000000
bottom melt (m)        =        0.00000000000000000       0.00171498712615507
new ice (m)            =        0.00000000000000000       0.00000000000000000
congelation (m)        =        0.00042530772853740       0.00000000000000000
snow-ice (m)           =        0.00000000000000000       0.00018455840056908
effective dhi (m)      =        0.00026429524753224      -0.00184600429692672
effective dhs (m)      =        0.00004817669425161      -0.00050895470531168
intnl enrgy chng(W/m^2)=       12.08294715126355530     -81.66428556291180030
thermo diag (m)        =        0.00026429524753224      -0.00184600429692672
 ----------ocn----------
sst (C)                =       -1.69517045848800763      -1.82740633875403091
freezing temp (C)      =       -1.69517273150978265      -1.83001172926313616
heat used (W/m^2)      =        0.19110584737942582      85.10872562689797860
  
 istep1: 83328  date:  200110  sec:  0
                                             Arctic                 Antarctic
max cH (m)             =        6.40307184470737223       5.24198584121105871
total area (km^2)      =    1.53483219504673649E+07   1.00191040930296574E+07
total ice volume (m^3) =    2.51577657009776406E+13   1.53299209228457500E+13
total snw volume (m^3) =    2.44615156448179492E+12   4.14458290856905176E+12
average albedo         =        0.72321964678670403       0.65291984549092663
max u, v (m/s)         =        0.21750480142645345       0.14226454152919582
                          
       Lat, Long                     88.7   -0.2          -67.9   41.4
     my_task, i, j                   5.  25.  53.           0.  24.   8.
 ----------atm----------
air temperature (C)    =      -33.36858732047915050      -1.05225722019218892
specific humidity      =        0.00016323157970934       0.00332345901334234
snowfall (m)           =        0.00007546699819490       0.00004046825013070
total snow to date (m) =        0.00804091075623835       0.00483217486869096
rainfall (m)           =        0.00000000000000000       0.00000000000000000
shortwave radiation sum=        0.05462816181848752     271.75215338767390000
longwave radiation     =      180.60223997684252600     252.23119607741054400
 ----------ice----------
area fraction          =        0.99984905597080720       0.69494510499747375
avg ice thickness (m)  =        2.22132113354756777       0.79432574212059770
avg snow depth (m)     =        0.21718796639364232       0.19317423496390232
surface temperature(C) =      -31.50905679997535460      -0.64537072797986639
sensible heat flx      =      -11.37409882041783860      -5.24066894423281138
latent heat flx        =       -1.75211473979699894      -9.19093254189333386
subl/cond (m ice)      =        0.00000476600077787       0.00002544889690675
top melt (m)           =        0.00000000000000000       0.00000000000000000
bottom melt (m)        =        0.00000000000000000       0.00179531606768690
new ice (m)            =        0.00000000000000000       0.00000000000000000
congelation (m)        =        0.00041678312914389       0.00000000000000000
snow-ice (m)           =        0.00000000000000000       0.00020438508158489
effective dhi (m)      =        0.00041912877670791      -0.00266030845730481
effective dhs (m)      =        0.00006071413501796      -0.00067383163040524
intnl enrgy chng(W/m^2)=       25.38633906725380030    -117.93876096438616200
thermo diag (m)        =        0.00041912877670791      -0.00266030845730481
 ----------ocn----------
sst (C)                =       -1.69525558674433796      -1.82671218462002116
freezing temp (C)      =       -1.69525618939689871      -1.82970214511723417
heat used (W/m^2)      =        0.83892250589533501      91.90654574305742130
  
 istep1: 83340  date:  200111  sec:  0
                                             Arctic                 Antarctic
max cH (m)             =        6.40500054765511706       5.23183105043860674
total area (km^2)      =    1.53861640300029293E+07   9.84800732838535123E+06
total ice volume (m^3) =    2.52503916728212734E+13   1.50770288098685215E+13
total snw volume (m^3) =    2.46658379881146045E+12   4.07818424978645898E+12
average albedo         =        0.72500206511591792       0.65234388778482399
max u, v (m/s)         =        0.16943109684540847       0.14634479164403857
                          
       Lat, Long                     88.7   -0.2          -67.9   41.4
     my_task, i, j                   5.  25.  53.           0.  24.   8.
 ----------atm----------
air temperature (C)    =      -33.87746091502452830      -0.78407208239298143
specific humidity      =        0.00025259601427294       0.00345868698430420
snowfall (m)           =        0.00007594847281938       0.00003981126583436
total snow to date (m) =        0.00895229243007089       0.00530991005870324
rainfall (m)           =        0.00000000000000000       0.00000000000000000
shortwave radiation sum=        0.04641911045938776     269.78024116682195200
longwave radiation     =      179.65398513219486200     253.24457056732501300
 ----------ice----------
area fraction          =        0.99950237747742876       0.65958356220868020
avg ice thickness (m)  =        2.22705663934892106       0.78093017536576781
avg snow depth (m)     =        0.21800624141996569       0.18663113447889743
surface temperature(C) =      -31.54958687077089510      -0.31986981886052490
sensible heat flx      =       -6.68933319170983687      -5.42152938065850609
latent heat flx        =       -0.21485672944555592      -8.41733800660818154
subl/cond (m ice)      =        0.00000058408248810       0.00002330526212046
top melt (m)           =        0.00000000000000000       0.00000000000000000
bottom melt (m)        =        0.00000000000000000       0.00204419797032576
new ice (m)            =        0.00000000000000000       0.00000000000000000
congelation (m)        =        0.00042351209881832       0.00000000000000000
snow-ice (m)           =        0.00000000000000000       0.00024023779979845
effective dhi (m)      =        0.00047071453271785      -0.00325955689011681
effective dhs (m)      =        0.00009781540525780      -0.00103262001473403
intnl enrgy chng(W/m^2)=       22.67262798519598020    -147.77993479581343200
thermo diag (m)        =        0.00047071453271785      -0.00325955689011681
 ----------ocn----------
sst (C)                =       -1.69533960548238838      -1.82553193625597032
freezing temp (C)      =       -1.69534082880185322      -1.82938645676564682
heat used (W/m^2)      =        0.58555153587582365     110.86861043842958500
  
 istep1: 83352  date:  200112  sec:  0
                                             Arctic                 Antarctic
max cH (m)             =        6.40656107747122583       5.26016800258562522
total area (km^2)      =    1.53747400685384646E+07   9.67697520256808586E+06
total ice volume (m^3) =    2.53416034092357500E+13   1.48246570248721445E+13
total snw volume (m^3) =    2.48702071998378223E+12   4.01015323259008301E+12
average albedo         =        0.72861470694962649       0.65171349603475415
max u, v (m/s)         =        0.18772336395266651       0.15733590108690351
                          
       Lat, Long                     88.7   -0.2          -67.9   41.4
     my_task, i, j                   5.  25.  53.           0.  24.   8.
 ----------atm----------
air temperature (C)    =      -28.04988368948488640      -0.48639540310608709
specific humidity      =        0.00039950316399944       0.00334177862819597
snowfall (m)           =        0.00007649066462111       0.00003927973147129
total snow to date (m) =        0.00987018040552416       0.00578126683635869
rainfall (m)           =        0.00000000000000000       0.00000000000000000
shortwave radiation sum=        0.03789992533053761     267.72613672215334200
longwave radiation     =      190.13509874488463000     254.38483607651082300
 ----------ice----------
area fraction          =        0.99889851759648662       0.61862585122920344
avg ice thickness (m)  =        2.23232570160380250       0.76629767932856552
avg snow depth (m)     =        0.21912820945987976       0.17891528682085528
surface temperature(C) =      -28.11352889230698790      -0.23761262944179862
sensible heat flx      =        0.08966474210817409      -3.31688119767979606
latent heat flx        =        0.03563578359246202     -14.65247122705261160
subl/cond (m ice)      =       -0.00000009598610374       0.00004056826257078
top melt (m)           =        0.00000000000000000       0.00002477174248721
bottom melt (m)        =        0.00000000000000000       0.00231639480657228
new ice (m)            =        0.00000000000000000       0.00000000000000000
congelation (m)        =        0.00042358995787673       0.00000000000000000
snow-ice (m)           =        0.00000000000000000       0.00027633430081199
effective dhi (m)      =        0.00018708773585585      -0.00352876332143492
effective dhs (m)      =        0.00007772239035733      -0.00093025841640380
intnl enrgy chng(W/m^2)=        3.63490626893109736    -157.72173879225221100
thermo diag (m)        =        0.00018708773585585      -0.00352876332143492
 ----------ocn----------
sst (C)                =       -1.69542374398122320      -1.82397546324773430
freezing temp (C)      =       -1.69542644716558177      -1.82906509642563986
heat used (W/m^2)      =        0.36599908769239209     134.43728151053807100
  
 istep1: 83364  date:  200113  sec:  0
                                             Arctic                 Antarctic
max cH (m)             =        6.40799906247358741       5.27543366528749935
total area (km^2)      =    1.56009389203199372E+07   9.50564514543727972E+06
total ice volume (m^3) =    2.54312783309020430E+13   1.45740201066784883E+13
total snw volume (m^3) =    2.50605629611978516E+12   3.94608382923811816E+12
average albedo         =        0.72095378969893043       0.65447087982487129
max u, v (m/s)         =        0.18856311062187847       0.14512986080494011
                          
       Lat, Long                     88.7   -0.2          -67.9   41.4
     my_task, i, j                   5.  25.  53.           0.  24.   8.
 ----------atm----------
air temperature (C)    =      -28.44000094223792980      -0.57540570287608261
specific humidity      =        0.00034733306102718       0.00333647730091365
snowfall (m)           =        0.00007709078590975       0.00003887436958325
total snow to date (m) =        0.01079526983644117       0.00624775927135770
rainfall (m)           =        0.00000000000000000       0.00000000000000000
shortwave radiation sum=        0.02913015211572914     265.59239241506338700
longwave radiation     =      189.45667327103842600     254.12265652855066400
 ----------ice----------
area fraction          =        0.99826189786871289       0.57691779969571244
avg ice thickness (m)  =        2.23798704982050367       0.75507125022309851
avg snow depth (m)     =        0.22016142099277361       0.17544237354444364
surface temperature(C) =      -28.24780542482659480      -0.25982882217675751
sensible heat flx      =       -2.99938914781211086      -3.89469699794262647
latent heat flx        =       -1.67174162536037785     -12.90049120661247170
subl/cond (m ice)      =        0.00000455162838790       0.00003571883565917
top melt (m)           =        0.00000000000000000       0.00000000000000000
bottom melt (m)        =        0.00000000000000000       0.00245879285019550
new ice (m)            =        0.00000000000000000       0.00000000000000000
congelation (m)        =        0.00042757260923198       0.00000000000000000
snow-ice (m)           =        0.00000000000000000       0.00032255077950666
effective dhi (m)      =        0.00036528893353482      -0.00329058655546821
effective dhs (m)      =        0.00006690417621005      -0.00092293905619563
intnl enrgy chng(W/m^2)=       16.60314021067486930    -146.19154196267740500
thermo diag (m)        =        0.00036528893353482      -0.00329058655546821
 ----------ocn----------
sst (C)                =       -1.69551130447848664      -1.82256488349628398
freezing temp (C)      =       -1.69551284192901863      -1.82873849631447571
heat used (W/m^2)      =        0.00121250396225027     153.28876955415682900
  
 istep1: 83376  date:  200114  sec:  0
                                             Arctic                 Antarctic
max cH (m)             =        6.40925952624076700       5.26367220291756510
total area (km^2)      =    1.55718686514450554E+07   9.33610215944313258E+06
total ice volume (m^3) =    2.55209719546111172E+13   1.43278945201006680E+13
total snw volume (m^3) =    2.52418894173379883E+12   3.88593057918437598E+12
average albedo         =        0.72500346093858326       0.65423309779037675
max u, v (m/s)         =        0.17539965866028298       0.11680495349418528
                          
       Lat, Long                     88.7   -0.2          -67.9   41.4
     my_task, i, j                   5.  25.  53.           0.  24.   8.
 ----------atm----------
air temperature (C)    =      -33.97200456788033310      -0.66226272835967848
specific humidity      =        0.00017743911206476       0.00331903684073898
snowfall (m)           =        0.00007774604899498       0.00003859590271201
total snow to date (m) =        0.01172822242438096       0.00671091010390177
rainfall (m)           =        0.00000000000000000       0.00000000000000000
shortwave radiation sum=        0.02016933649875442     263.38156060694763000
longwave radiation     =      179.47705649947391700     253.87492371767299900
 ----------ice----------
area fraction          =        0.99937305757416972       0.53201288438214234
avg ice thickness (m)  =        2.23966240716588416       0.74754773936382690
avg snow depth (m)     =        0.22066722961854643       0.17447403500251324
surface temperature(C) =      -32.57801246041941570      -0.41675077992482557
sensible heat flx      =      -16.38305359170360730      -2.63378917554408476
latent heat flx        =       -2.53696056695266892      -6.72279646905704098
subl/cond (m ice)      =        0.00000689963113591       0.00001861650567453
top melt (m)           =        0.00000000000000000       0.00000000000000000
bottom melt (m)        =        0.00000000000000000       0.00248949048366101
new ice (m)            =        0.00000000000000000       0.00000000000000000
congelation (m)        =        0.00041771133333125       0.00000000000000000
snow-ice (m)           =        0.00000000000000000       0.00037303468719466
effective dhi (m)      =        0.00041113267672443      -0.00274425338056422
effective dhs (m)      =        0.00007010541021030      -0.00087929679187565
intnl enrgy chng(W/m^2)=       28.90097777020600130    -122.06399040401809900
thermo diag (m)        =        0.00041113267672443      -0.00274425338056422
 ----------ocn----------
sst (C)                =       -1.69559889097405403      -1.82116123006937869
freezing temp (C)      =       -1.69559981053309761      -1.82840708864941814
heat used (W/m^2)      =        0.58502205425151710     168.40357435608854100
  
 istep1: 83388  date:  200115  sec:  0
                                             Arctic                 Antarctic
max cH (m)             =        6.41055377195164056       5.24583424156867295
total area (km^2)      =    1.55618504116465710E+07   9.16508939954696037E+06
total ice volume (m^3) =    2.56086607244352344E+13   1.40832990915712461E+13
total snw volume (m^3) =    2.54233744693618652E+12   3.82665137223133447E+12
average albedo         =        0.72808575557295363       0.65339807651851056
max u, v (m/s)         =        0.22123893325554872       0.13907555959171336
                          
       Lat, Long                     88.7   -0.2          -67.9   41.4
     my_task, i, j                   5.  25.  53.           0.  24.   8.
 ----------atm----------
air temperature (C)    =      -32.63061025642124950      -0.54758093141936115
specific humidity      =        0.00023562177252101       0.00334042750831677
snowfall (m)           =        0.00007845366618647       0.00003844505339931
total snow to date (m) =        0.01266966641861854       0.00717225074469349
rainfall (m)           =        0.00000000000000000       0.00000000000000000
shortwave radiation sum=        0.01107702416340551     261.09619365920173100
longwave radiation     =      181.96539900412722100     254.36672027780318200
 ----------ice----------
area fraction          =        0.99791447353072604       0.48672486295622402
avg ice thickness (m)  =        2.24605283703117875       0.74318037304447737
avg snow depth (m)     =        0.22204691877157431       0.17269278124636928
surface temperature(C) =      -31.66127032130867750      -0.19617544644376039
sensible heat flx      =      -11.45209424259871690      -3.11097013245756981
latent heat flx        =       -1.38519379157013067      -8.93102899373404036
subl/cond (m ice)      =        0.00000376594837397       0.00002472893883738
top melt (m)           =        0.00000000000000000       0.00008250173917337
bottom melt (m)        =        0.00000000000000000       0.00276784630181352
new ice (m)            =        0.00000000000000000       0.00000000000000000
congelation (m)        =        0.00043050742773421       0.00000000000000000
snow-ice (m)           =        0.00000000000000000       0.00044934304228559
effective dhi (m)      =       -0.00037776947214541      -0.00309578667585197
effective dhs (m)      =        0.00007039622423397      -0.00066679377379207
intnl enrgy chng(W/m^2)=      -12.19068782826264650    -132.87238170475595200
thermo diag (m)        =       -0.00037776947214541      -0.00309578667585197
 ----------ocn----------
sst (C)                =       -1.69568083088546473      -1.81859233438842693
freezing temp (C)      =       -1.69568715041875495      -1.82807130564773090
heat used (W/m^2)      =        0.00879551120636751     205.41094841023735300
  
 istep1: 83400  date:  200116  sec:  0
                                             Arctic                 Antarctic
max cH (m)             =        6.41254757104283701       5.22553079309009760
total area (km^2)      =    1.56141614423612468E+07   8.99241202474827878E+06
total ice volume (m^3) =    2.56972875567324063E+13   1.38400369647778750E+13
total snw volume (m^3) =    2.56074262605303613E+12   3.76989254047273730E+12
average albedo         =        0.72834860626248343       0.65716707903469196
max u, v (m/s)         =        0.18297397116341377       0.10489144752629870
                          
       Lat, Long                     88.7   -0.2          -67.9   41.4
     my_task, i, j                   5.  25.  53.           0.  24.   8.
 ----------atm----------
air temperature (C)    =      -30.91143001119547760      -0.60608748260477796
specific humidity      =        0.00030094356820574       0.00351762981286668
snowfall (m)           =        0.00007921084979387       0.00003842254418692
total snow to date (m) =        0.01362019661614494       0.00763332127493655
rainfall (m)           =        0.00000000000000000       0.00000000000000000
shortwave radiation sum=        0.00191276079347448     258.73884393322094900
longwave radiation     =      185.08759953959437900     254.23181544953092700
 ----------ice----------
area fraction          =        0.99991656771530102       0.43467988408540115
avg ice thickness (m)  =        2.24330224832987879       0.74580247605533756
avg snow depth (m)     =        0.22296471678944138       0.17525005369599747
surface temperature(C) =      -30.12258959179368390      -0.06689242270749673
sensible heat flx      =       -7.24957813716727628      -3.84798122874538207
latent heat flx        =       -0.56944797793729418      -4.79165697838065707
subl/cond (m ice)      =        0.00000154913469539       0.00001326708274370
top melt (m)           =        0.00000000000000000       0.00010084029075128
bottom melt (m)        =        0.00000000000000000       0.00295105929155065
new ice (m)            =        0.00000069359113258       0.00000000000000000
congelation (m)        =        0.00043353533167488       0.00000000000000000
snow-ice (m)           =        0.00000000000000000       0.00055212397616496
effective dhi (m)      =        0.00041949661958585      -0.00294500346609883
effective dhs (m)      =        0.00016800704385339      -0.00056335014491263
intnl enrgy chng(W/m^2)=       21.06538370231787380    -123.92833841726184100
thermo diag (m)        =        0.00041949661958585      -0.00294500346609883
 ----------ocn----------
sst (C)                =       -1.69576994309420570      -1.81552838782766912
freezing temp (C)      =       -1.69577465902692448      -1.82773157952667797
heat used (W/m^2)      =        0.00000000000000000     246.12102779605322700
  
 istep1: 83412  date:  200117  sec:  0
                                             Arctic                 Antarctic
max cH (m)             =        6.40645233866217012       5.21173999939614330
total area (km^2)      =    1.56811949645228162E+07   8.82169653588589095E+06
total ice volume (m^3) =    2.57871550368115898E+13   1.35994610307933418E+13
total snw volume (m^3) =    2.57869769733455176E+12   3.71628427927867676E+12
average albedo         =        0.72778917086223793       0.66044341221681990
max u, v (m/s)         =        0.17510060091522392       0.13477865361378297
                          
       Lat, Long                     88.7   -0.2          -67.9   41.4
     my_task, i, j                   5.  25.  53.           0.  24.   8.
 ----------atm----------
air temperature (C)    =      -34.94424727804880600      -0.83545819979207181
specific humidity      =        0.00016920494633973       0.00334843443752802
snowfall (m)           =        0.00008001481212686       0.00003852909761660
total snow to date (m) =        0.01458037436166721       0.00809567044633575
rainfall (m)           =        0.00000000000000000       0.00000000000000000
shortwave radiation sum=        0.00000000000000000     256.31206379040094100
longwave radiation     =      177.64382549348042100     253.48317472795008600
 ----------ice----------
area fraction          =        0.99891171713532267       0.38049506685877466
avg ice thickness (m)  =        2.24462930826191887       0.76208209009293781
avg snow depth (m)     =        0.22503749904904957       0.18330518293667913
surface temperature(C) =      -33.77875859446595540      -0.06960099464902214
sensible heat flx      =      -18.15953484510304250      -3.47582077895851027
latent heat flx        =       -2.56512613816480783      -4.42206957246226651
subl/cond (m ice)      =        0.00000696972119682       0.00001224356230805
top melt (m)           =        0.00000000000000000       0.00006927013943195
bottom melt (m)        =        0.00000000000000000       0.00307233526953251
new ice (m)            =        0.00000000000000000       0.00000000000000000
congelation (m)        =        0.00043529975219282       0.00000000000000000
snow-ice (m)           =        0.00000000000000000       0.00068079161565577
effective dhi (m)      =       -0.00021750477833571      -0.00298853508596741
effective dhs (m)      =        0.00012204035440194      -0.00056799081891985
intnl enrgy chng(W/m^2)=        0.11537311399976412    -125.12450927918983700
thermo diag (m)        =       -0.00021750477833571      -0.00298853508596741
 ----------ocn----------
sst (C)                =       -1.69585350260274481      -1.81171907148052469
freezing temp (C)      =       -1.69586213379854045      -1.82738834250352311
heat used (W/m^2)      =        0.50390822139786018     293.81318657188484200
  
 istep1: 83424  date:  200118  sec:  0
                                             Arctic                 Antarctic
max cH (m)             =        6.39184049283537625       5.20456854234803501
total area (km^2)      =    1.57207230976341367E+07   8.65488527983097173E+06
total ice volume (m^3) =    2.58760050529498672E+13   1.33631941037544219E+13
total snw volume (m^3) =    2.59832005891770264E+12   3.66619973421063477E+12
average albedo         =        0.72911321433900245       0.66310221351012477
max u, v (m/s)         =        0.20060418486792703       0.14818971804812656
                          
       Lat, Long                     88.7   -0.2          -67.9   41.4
     my_task, i, j                   5.  25.  53.           0.  24.   8.
 ----------atm----------
air temperature (C)    =      -29.39104690824436260      -1.17358260693731609
specific humidity      =        0.00033212917244161       0.00317845895346113
snowfall (m)           =        0.00008086276549510       0.00003876543623010
total snow to date (m) =        0.01555072754760838       0.00856085568109698
rainfall (m)           =        0.00000000000000000       0.00000000000000000
shortwave radiation sum=        0.00000000000000000     253.81840559213711100
longwave radiation     =      187.79066093215422500     252.36072947723712900
 ----------ice----------
area fraction          =        0.99973556311835798       0.32025060758950008
avg ice thickness (m)  =        2.24171904757509655       0.78983330870544344
avg snow depth (m)     =        0.22586476428971308       0.19647224499381818
surface temperature(C) =      -29.19559417200173360      -0.23721381635192529
sensible heat flx      =       -3.50563107044820121      -5.04781220592748525
latent heat flx        =       -1.26400829564652284      -7.05546358610697411
subl/cond (m ice)      =        0.00000343793996701       0.00001953485548172
top melt (m)           =        0.00000000000000000       0.00000419177416924
bottom melt (m)        =        0.00000000000000000       0.00319297189421601
new ice (m)            =        0.00000301305099315       0.00000000000000000
congelation (m)        =        0.00045853115498797       0.00000000000000000
snow-ice (m)           =        0.00000000000000000       0.00088031284034944
effective dhi (m)      =        0.00028938874876960      -0.00275621025984946
effective dhs (m)      =        0.00010366232066206      -0.00047244051921186
intnl enrgy chng(W/m^2)=       10.57548886605435000    -113.90926847911957500
thermo diag (m)        =        0.00028938874876960      -0.00275621025984946
 ----------ocn----------
sst (C)                =       -1.69593725587759536      -1.80600367973352149
freezing temp (C)      =       -1.69594937217453845      -1.82704202679553029
heat used (W/m^2)      =        0.00000000000000000     364.84203610216434300
  
 istep1: 83436  date:  200119  sec:  0
                                             Arctic                 Antarctic
max cH (m)             =        6.39398301875681252       5.21056809077226823
total area (km^2)      =    1.58039346451044064E+07   8.49090914557035454E+06
total ice volume (m^3) =    2.59655259965381953E+13   1.31291374747589004E+13
total snw volume (m^3) =    2.61859957832135156E+12   3.61734886404105566E+12
average albedo         =        0.72894827573987608       0.66445042338995752
max u, v (m/s)         =        0.17692063764750804       0.13512544869600326
                          
       Lat, Long                     88.7   -0.2          -67.9   41.4
     my_task, i, j                   5.  25.  53.           0.  24.   8.
 ----------atm----------
air temperature (C)    =      -29.70293230716885090      -1.54849203248545564
specific humidity      =        0.00031390033953061       0.00308037926368912
snowfall (m)           =        0.00008175192220826       0.00003913228256919
total snow to date (m) =        0.01653175061410747       0.00903044307192721
rainfall (m)           =        0.00000000000000000       0.00000000000000000
shortwave radiation sum=        0.00000000000000000     251.26042169982500200
longwave radiation     =      187.24031173033401400     251.13326096568934500
 ----------ice----------
area fraction          =        0.99975464677122572       0.25905650721428070
avg ice thickness (m)  =        2.24225678548212493       0.84258594885438176
avg snow depth (m)     =        0.22665303857026259       0.22463780596971683
surface temperature(C) =      -29.35899717711049560      -0.73903331883821011
sensible heat flx      =       -5.55240326084593416      -6.44093405128540564
latent heat flx        =       -1.17703307261141732      -8.03709587254141411
subl/cond (m ice)      =        0.00000320232087041       0.00002225640184573
top melt (m)           =        0.00000000000000000       0.00000000000000000
bottom melt (m)        =        0.00000000000000000       0.00309021756516233
new ice (m)            =        0.00000000000000000       0.00000000000000000
congelation (m)        =        0.00045018874216121       0.00000000000000000
snow-ice (m)           =        0.00000000000000000       0.00114573721589056
effective dhi (m)      =        0.00017746359609472      -0.00315117131370515
effective dhs (m)      =        0.00005455297454829      -0.00043021004815675
intnl enrgy chng(W/m^2)=        6.82494329424368029    -128.27442994542627700
thermo diag (m)        =        0.00017746359609472      -0.00315117131370515
 ----------ocn----------
sst (C)                =       -1.69603264707490098      -1.79950403181038610
freezing temp (C)      =       -1.69603617159585229      -1.82669306461996284
heat used (W/m^2)      =        0.92162207630940218     438.46426979599721100
  
 istep1: 83448  date:  200120  sec:  0
                                             Arctic                 Antarctic
max cH (m)             =        6.39627772166837616       5.20547644749541494
total area (km^2)      =    1.58765671003153212E+07   8.32666485971747432E+06
total ice volume (m^3) =    2.60561739831384219E+13   1.28958654096114688E+13
total snw volume (m^3) =    2.63905400693580322E+12   3.56692575444495605E+12
average albedo         =        0.72945995384046292       0.66673707765170676
max u, v (m/s)         =        0.13626534954270997       0.15324440894211241
                          
       Lat, Long                     88.7   -0.2          -67.9   41.4
     my_task, i, j                   5.  25.  53.           0.  24.   8.
 ----------atm----------
air temperature (C)    =      -32.48617390456183780      -0.91386042277235902
specific humidity      =        0.00023086256292781       0.00334813013609707
snowfall (m)           =        0.00008267949457601       0.00003963035917561
total snow to date (m) =        0.01752390454901956       0.00950600738203455
rainfall (m)           =        0.00000000000000000       0.00000000000000000
shortwave radiation sum=        0.00000000000000000     248.64066447485632200
longwave radiation     =      182.23055194495532300     253.47606580524458800
 ----------ice----------
area fraction          =        0.99783158142864603       0.18989212668440864
avg ice thickness (m)  =        2.24517676022706469       0.94303139511481537
avg snow depth (m)     =        0.22757360982871438       0.27131616143763004
surface temperature(C) =      -31.66770665199700830      -0.45522018931626462
sensible heat flx      =      -13.40602996514325440      -3.15341400491616453
latent heat flx        =       -2.08130234806987779      -4.15286078789584501
subl/cond (m ice)      =        0.00000565923552306       0.00001149914944025
top melt (m)           =        0.00000000000000000       0.00000000000000000
bottom melt (m)        =        0.00000000000000000       0.00312284967452557
new ice (m)            =        0.00000000000000000       0.00000000000000000
congelation (m)        =        0.00046785017806855       0.00000000000000000
snow-ice (m)           =        0.00000000000000000       0.00138221720482216
effective dhi (m)      =       -0.00185769351292375      -0.00323732802660617
effective dhs (m)      =       -0.00008259004468869      -0.00057727893305678
intnl enrgy chng(W/m^2)=      -80.04447926277916280    -134.84193054448812200
thermo diag (m)        =       -0.00185769351292375      -0.00323732802660617
 ----------ocn----------
sst (C)                =       -1.69611562952667327      -1.78526462789614015
freezing temp (C)      =       -1.69612232950341735      -1.82634188819408405
heat used (W/m^2)      =        0.29230967119226681     611.36170792284451600
  
 istep1: 83460  date:  200121  sec:  0
                                             Arctic                 Antarctic
max cH (m)             =        6.39796148006296495       5.19397513681195111
total area (km^2)      =    1.59609335535885412E+07   8.16502066661212314E+06
total ice volume (m^3) =    2.61470609897610391E+13   1.26660230216249883E+13
total snw volume (m^3) =    2.65895157513487256E+12   3.51727381802041260E+12
average albedo         =        0.72893236894063052       0.67006903608030466
max u, v (m/s)         =        0.18324400054881010       0.16511652816146508
                          
       Lat, Long                     88.7   -0.2          -67.9   41.4
     my_task, i, j                   5.  25.  53.           0.  24.   8.
 ----------atm----------
air temperature (C)    =      -37.38750663027309430      -0.93794370101068125
specific humidity      =        0.00010407616438947       0.00319936950846923
snowfall (m)           =        0.00008364269490801       0.00004026038859113
total snow to date (m) =        0.01852761688791565       0.00998913204512816
rainfall (m)           =        0.00000000000000000       0.00000000000000000
shortwave radiation sum=        0.00000000000000000     245.96168627863403300
longwave radiation     =      172.92575213901770300     253.48911988613579600
 ----------ice----------
area fraction          =        0.99920810883391209       0.12408215587701529
avg ice thickness (m)  =        2.23506879593595276       1.14722039056689384
avg snow depth (m)     =        0.22746918750698317       0.36590174548809429
surface temperature(C) =      -35.86049501046443310      -0.76717009435571981
sensible heat flx      =      -22.89807253165916730      -2.19436424001786001
latent heat flx        =       -3.26952588261423083      -3.90406106580520262
subl/cond (m ice)      =        0.00000887355513206       0.00001080792825136
top melt (m)           =        0.00000000000000000       0.00000000000000000
bottom melt (m)        =        0.00000000000000000       0.00286082940504884
new ice (m)            =        0.00000000000000000       0.00000000000000000
congelation (m)        =        0.00051276809141373       0.00000000000000000
snow-ice (m)           =        0.00000000000000000       0.00211416176519275
effective dhi (m)      =        0.00048283922167203      -0.00294430738560084
effective dhs (m)      =        0.00008651376696195      -0.00053008400737307
intnl enrgy chng(W/m^2)=       32.03119852339227690    -125.44965849488352200
thermo diag (m)        =        0.00048283922167203      -0.00294430738560084
 ----------ocn----------
sst (C)                =       -1.69620631463266136      -1.76236857638980382
freezing temp (C)      =       -1.69620764333816720      -1.82598892973515814
heat used (W/m^2)      =        0.37084170227600055     878.22390066969694500
  
 istep1: 83472  date:  200122  sec:  0
                                             Arctic                 Antarctic
max cH (m)             =        6.40015603095603947       5.18337173043687915
total area (km^2)      =    1.60209745860501397E+07   8.00972399553887453E+06
total ice volume (m^3) =    2.62363888046483750E+13   1.24408354545948438E+13
total snw volume (m^3) =    2.67946096032230127E+12   3.46909297380598584E+12
average albedo         =        0.72957881975294381       0.67489223596621661
max u, v (m/s)         =        0.18699392546391058       0.14568069590870011
                          
       Lat, Long                     88.7   -0.2          -67.9   41.4
     my_task, i, j                   5.  25.  53.           0.  24.   8.
 ----------atm----------
air temperature (C)    =      -34.67820833060358150      -0.99071939728605685
specific humidity      =        0.00017946383160641       0.00317684196552878
snowfall (m)           =        0.00008463873551393       0.00004102309335751
total snow to date (m) =        0.01954328171408281       0.01048140916541833
rainfall (m)           =        0.00000000000000000       0.00000000000000000
shortwave radiation sum=        0.00000000000000000     243.22603947254998500
longwave radiation     =      178.14796316824248400     253.40283544681693700
 ----------ice----------
area fraction          =        0.99866587714664012       0.07731415693583728
avg ice thickness (m)  =        2.24222870350388481       1.47455291794571153
avg snow depth (m)     =        0.22853773992506946       0.48639201108357460
surface temperature(C) =      -33.09280449108254630      -1.51618586161930580
sensible heat flx      =      -12.89584585315015270      -0.31059361057541252
latent heat flx        =       -1.29517240253182586      -2.98288094271482329
subl/cond (m ice)      =        0.00000351803313367       0.00000825378902095
top melt (m)           =        0.00000000000000000       0.00000000000000000
bottom melt (m)        =        0.00000000000000000       0.00194948643349045
new ice (m)            =        0.00000000000000000       0.00000000000000000
congelation (m)        =        0.00049150256891959       0.00000000000000000
snow-ice (m)           =        0.00000000000000000       0.00260079921748963
effective dhi (m)      =        0.00046470272418642      -0.00185670321750900
effective dhs (m)      =        0.00008220023107627      -0.00060397947870928
intnl enrgy chng(W/m^2)=       23.66561159610748180     -85.71980687230204410
thermo diag (m)        =        0.00046470272418642      -0.00185670321750900
 ----------ocn----------
sst (C)                =       -1.69628704972814148      -1.71579956731449101
freezing temp (C)      =       -1.69629191054103812      -1.82563462146044908
heat used (W/m^2)      =        0.15836894892831926    1000.00000000000000000
  
 istep1: 83484  date:  200123  sec:  0
                                             Arctic                 Antarctic
max cH (m)             =        6.40235371270531317       5.17650395758074300
total area (km^2)      =    1.60656853884006869E+07   7.86417038156926725E+06
total ice volume (m^3) =    2.63246846074256016E+13   1.22216792131825566E+13
total snw volume (m^3) =    2.69976631547726758E+12   3.42165716763705664E+12
average albedo         =        0.73049057307148380       0.67558221002204244
max u, v (m/s)         =        0.16656165493781627       0.13476552111509382
                          
       Lat, Long                     88.7   -0.2          -67.9   41.4
     my_task, i, j                   5.  25.  53.           0.  24.   8.
 ----------atm----------
air temperature (C)    =      -34.18185082949247540      -1.13269727300655632
specific humidity      =        0.00020706599874212       0.00327054337546857
snowfall (m)           =        0.00008566482870344       0.00004191919601651
total snow to date (m) =        0.02057125965852406       0.01098443951761643
rainfall (m)           =        0.00000000000000000       0.00000000000000000
shortwave radiation sum=        0.00000000000000000     240.43627641799955100
longwave radiation     =      179.08350487100736400     253.00172468769537200
 ----------ice----------
area fraction          =        0.99983778991699046       0.05678718779159864
avg ice thickness (m)  =        2.24520201816622000       1.70352946268648942
avg snow depth (m)     =        0.22932435093841350       0.56226389017186940
surface temperature(C) =      -32.55595492080655620      -1.84659152080735112
sensible heat flx      =      -13.54153835491003480       1.66583890293209058
latent heat flx        =       -1.13628604630528218      -1.60933323129313899
subl/cond (m ice)      =        0.00000308874267492       0.00000445250313259
top melt (m)           =        0.00000000000000000       0.00000000000000000
bottom melt (m)        =        0.00000000000000000       0.00139615054882913
new ice (m)            =        0.00000000000000000       0.00000000000000000
congelation (m)        =        0.00046148187302798       0.00000000000000000
snow-ice (m)           =        0.00000000000000000       0.00261261784728137
effective dhi (m)      =        0.00039947927206230      -0.00094717775009726
effective dhs (m)      =        0.00008654318781348      -0.00031395976736965
intnl enrgy chng(W/m^2)=       22.67113309123449840     -44.22863399387492220
thermo diag (m)        =        0.00039947927206230      -0.00094717775009726
 ----------ocn----------
sst (C)                =       -1.69636911709829974      -1.63898142581666661
freezing temp (C)      =       -1.69637492855296323      -1.82527939558722063
heat used (W/m^2)      =        0.84960810543415588    1000.00000000000000000
  
 istep1: 83496  date:  200124  sec:  0
                                             Arctic                 Antarctic
max cH (m)             =        6.40497312556189868       5.17024094989582039
total area (km^2)      =    1.60886212612631507E+07   7.72493135885124747E+06
total ice volume (m^3) =    2.64138533688181602E+13   1.20074692951953672E+13
total snw volume (m^3) =    2.71978375632097754E+12   3.37256307092735889E+12
average albedo         =        0.73182866752197751       0.67236073779788541
max u, v (m/s)         =        0.19064698445972311       0.13530520907126026
                          
       Lat, Long                     88.7   -0.2          -67.9   41.4
     my_task, i, j                   5.  25.  53.           0.  24.   8.
 ----------atm----------
air temperature (C)    =      -34.06724302260076340      -1.49421412130521958
specific humidity      =        0.00020915122823473       0.00306986586344453
snowfall (m)           =        0.00008671818678620       0.00004294941910987
total snow to date (m) =        0.02161187789995846       0.01149983254693493
rainfall (m)           =        0.00000000000000000       0.00000000000000000
shortwave radiation sum=        0.00000000000000000     237.59494947637827500
longwave radiation     =      179.29858832098599900     251.83386396634750800
 ----------ice----------
area fraction          =        0.99903931563933701       0.04879682650671082
avg ice thickness (m)  =        2.25094685194865152       1.74514879103780962
avg snow depth (m)     =        0.23054488313690655       0.57615677440047186
surface temperature(C) =      -32.19153495085583930      -2.48626800689851279
sensible heat flx      =      -10.96669843523565110       0.50513621750840865
latent heat flx        =       -0.79005712524267135      -1.39341361476799830
subl/cond (m ice)      =        0.00000214809744488       0.00000385463574390
top melt (m)           =        0.00000000000000000       0.00000000000000000
bottom melt (m)        =        0.00000000000000000       0.00118545043861858
new ice (m)            =        0.00000000000000000       0.00000000000000000
congelation (m)        =        0.00046525586362753       0.00000000000000000
snow-ice (m)           =        0.00000000000000000       0.00257084008927217
effective dhi (m)      =        0.00017365461636620      -0.00077113342708236
effective dhs (m)      =        0.00008332387599619      -0.00025539021406688
intnl enrgy chng(W/m^2)=       10.75029360618856170     -36.04234045429672760
thermo diag (m)        =        0.00017365461636620      -0.00077113342708236
 ----------ocn----------
sst (C)                =       -1.69645603541874834      -1.54695946002755136
freezing temp (C)      =       -1.69645649481487815      -1.82492368433273566
heat used (W/m^2)      =        0.34371198761383864    1000.00000000000000000
  
 istep1: 83508  date:  200125  sec:  0
                                             Arctic                 Antarctic
max cH (m)             =        6.40697383737558290       5.16001317113932334
total area (km^2)      =    1.62356164695863966E+07   7.58615617538285162E+06
total ice volume (m^3) =    2.65098980206158750E+13   1.17969374370646973E+13
total snw volume (m^3) =    2.73909485525418848E+12   3.32499289100981641E+12
average albedo         =        0.72843685799108959       0.67447190473886476
max u, v (m/s)         =        0.20128157276441216       0.16171002258952083
                          
       Lat, Long                     88.7   -0.2          -67.9   41.4
     my_task, i, j                   5.  25.  53.           0.  24.   8.
 ----------atm----------
air temperature (C)    =      -38.33258055909300310      -1.43977805753502253
specific humidity      =        0.00009638847757343       0.00295183661190338
snowfall (m)           =        0.00008779602207188       0.00004411448517937
total snow to date (m) =        0.02266543016482106       0.01202920636908740
rainfall (m)           =        0.00000000000000000       0.00000000000000000
shortwave radiation sum=        0.00000000000000000     234.70461100908173100
longwave radiation     =      171.05875043674737400     252.13674762510041200
 ----------ice----------
area fraction          =        0.99817962353958489       0.04310121531045616
avg ice thickness (m)  =        2.25325329301019783       1.69782385144511871
avg snow depth (m)     =        0.23158356218447801       0.56079636305308467
surface temperature(C) =      -36.16456214353206630      -3.22017101956669194
sensible heat flx      =      -22.82070877776362390       2.19789946789027990
latent heat flx        =       -2.32384126295001314      -0.15623503224105603
subl/cond (m ice)      =        0.00000630771543379       0.00000043217188550
top melt (m)           =        0.00000000000000000       0.00000000000000000
bottom melt (m)        =        0.00000000000000000       0.00104328768544321
new ice (m)            =        0.00000000000000000       0.00000000000000000
congelation (m)        =        0.00047897571882228       0.00000000000000000
snow-ice (m)           =        0.00000000000000000       0.00129198430710007
effective dhi (m)      =       -0.00071505774164704      -0.00091709233631926
effective dhs (m)      =        0.00002530223380232      -0.00030291837775394
intnl enrgy chng(W/m^2)=      -21.00625278459654770     -42.89275421914489070
thermo diag (m)        =       -0.00071505774164704      -0.00091709233631926
 ----------ocn----------
sst (C)                =       -1.69653572832106647      -1.45647373750006182
freezing temp (C)      =       -1.69653640676771689      -1.82456791991425860
heat used (W/m^2)      =        0.10588105118663171    1000.00000000000023000
  
 istep1: 83520  date:  200126  sec:  0
                                             Arctic                 Antarctic
max cH (m)             =        6.40862809553265400       5.12026133483532941
total area (km^2)      =    1.62269592978111170E+07   7.44468916399094090E+06
total ice volume (m^3) =    2.66058951651653555E+13   1.15888723777927598E+13
total snw volume (m^3) =    2.75836433342878418E+12   3.27969696087938818E+12
average albedo         =        0.73073516590722509       0.67649292440718822
max u, v (m/s)         =        0.19801952996221076       0.14172870560440615
                          
       Lat, Long                     88.7   -0.2          -67.9   41.4
     my_task, i, j                   5.  25.  53.           0.  24.   8.
 ----------atm----------
air temperature (C)    =      -31.36488256736828360      -1.77106598918959435
specific humidity      =        0.00026096419203448       0.00305604062911988
snowfall (m)           =        0.00008889554687015       0.00004541511676676
total snow to date (m) =        0.02373217672726291       0.01257418777028852
rainfall (m)           =        0.00000000000000000       0.00000000000000000
shortwave radiation sum=        0.00000000000000000     231.76781337750529100
longwave radiation     =      184.27113258887263200     251.09654225757137200
 ----------ice----------
area fraction          =        0.99950062930715200       0.04108744617216512
avg ice thickness (m)  =        2.24873892664509212       1.58837811209944690
avg snow depth (m)     =        0.23185238009637113       0.52386717153199336
surface temperature(C) =      -30.78279166230291250      -2.52355124835611377
sensible heat flx      =       -6.46281572164791651       8.05792198900650192
latent heat flx        =       -0.96609215934675419      -4.29360816916534649
subl/cond (m ice)      =        0.00000262574915805       0.00001186839250642
top melt (m)           =        0.00000000000000000       0.00000000000000000
bottom melt (m)        =        0.00000000000000000       0.00099508776179777
new ice (m)            =        0.00000000000000000       0.00000000000000000
congelation (m)        =        0.00048172661898213       0.00000000000000000
snow-ice (m)           =        0.00000000000000000       0.00269994452930939
effective dhi (m)      =        0.00025647807462281      -0.00095058704560100
effective dhs (m)      =        0.00009271610660985      -0.00031446444869419
intnl enrgy chng(W/m^2)=        8.60581665909952598     -44.66014090152043540
thermo diag (m)        =        0.00025647807462281      -0.00095058704560100
 ----------ocn----------
sst (C)                =       -1.69660977052177486      -1.36597508728351613
freezing temp (C)      =       -1.69661446185241460      -1.82421253454905297
heat used (W/m^2)      =        0.77367889651131694    1000.00000000000000000
  
 istep1: 83532  date:  200127  sec:  0
                                             Arctic                 Antarctic
max cH (m)             =        6.41092005331988624       5.08927280523191783
total area (km^2)      =    1.62171152420427799E+07   7.30004946584879421E+06
total ice volume (m^3) =    2.66976930136555078E+13   1.13836898333269375E+13
total snw volume (m^3) =    2.77812233998142773E+12   3.23510894580826074E+12
average albedo         =        0.73256826206996650       0.67895411557898788
max u, v (m/s)         =        0.15610043779073218       0.21011543833450380
                          
       Lat, Long                     88.7   -0.2          -67.9   41.4
     my_task, i, j                   5.  25.  53.           0.  24.   8.
 ----------atm----------
air temperature (C)    =      -30.85146743319995720      -1.00616397043506822
specific humidity      =        0.00028388324183221       0.00314609758177540
snowfall (m)           =        0.00009001397349068       0.00004685203641379
total snow to date (m) =        0.02481234440915106       0.01313641220725404
rainfall (m)           =        0.00000000000000000       0.00000000000000000
shortwave radiation sum=        0.00000000000000000     228.78710894304455800
longwave radiation     =      185.19519958726670000     253.90973555825661400
 ----------ice----------
area fraction          =        0.99934989845903299       0.03457753626018417
avg ice thickness (m)  =        2.25414127706519407       1.50531976326828243
avg snow depth (m)     =        0.23324247995908318       0.49698097355338516
surface temperature(C) =      -30.14366748371963920      -1.79031810647023804
sensible heat flx      =       -8.66586577407786862      11.16049626977091160
latent heat flx        =       -1.25604484398988392      -9.32380763087343034
subl/cond (m ice)      =        0.00000341729895868       0.00002577288137570
top melt (m)           =        0.00000000000000000       0.00000000000000000
bottom melt (m)        =        0.00000000000000000       0.00083981053386350
new ice (m)            =        0.00000000000000000       0.00000000000000000
congelation (m)        =        0.00046899356379918       0.00000000000000000
snow-ice (m)           =        0.00000000000000000       0.00272636663386462
effective dhi (m)      =        0.00027480255638590      -0.00115332231743172
effective dhs (m)      =        0.00012281799555822      -0.00037901067475296
intnl enrgy chng(W/m^2)=       13.86236247036192100     -54.16027344848184550
thermo diag (m)        =        0.00027480255638590      -0.00115332231743172
 ----------ocn----------
sst (C)                =       -1.69666707418099350      -1.27241624477505866
freezing temp (C)      =       -1.69669045750990599      -1.82385796045438253
heat used (W/m^2)      =        0.76917680066135508     999.99999999999977300
  
 istep1: 83544  date:  200128  sec:  0
                                             Arctic                 Antarctic
max cH (m)             =        6.41319784010565019       5.12060521137472602
total area (km^2)      =    1.62869280870042779E+07   7.15368123215515818E+06
total ice volume (m^3) =    2.67864383142717891E+13   1.11828216481384063E+13
total snw volume (m^3) =    2.79836450005099609E+12   3.19208175011987402E+12
average albedo         =        0.73166462823888723       0.68002504123083307
max u, v (m/s)         =        0.23174087746714978       0.16526648940096028
                          
       Lat, Long                     88.7   -0.2          -67.9   41.4
     my_task, i, j                   5.  25.  53.           0.  24.   8.
 ----------atm----------
air temperature (C)    =      -30.43022428325116380      -1.14724248866662037
specific humidity      =        0.00030478916865413       0.00306761179079780
snowfall (m)           =        0.00009114851424313       0.00004842596666223
total snow to date (m) =        0.02590612658006858       0.01371752380720084
rainfall (m)           =        0.00000000000000000       0.00000000000000000
shortwave radiation sum=        0.00000000000000000     225.76505006709499000
longwave radiation     =      185.94873966370531100     253.52473942505579900
 ----------ice----------
area fraction          =        0.99957465426334924       0.02816918991565543
avg ice thickness (m)  =        2.25855844615673185       1.43212434331914995
avg snow depth (m)     =        0.23464728567882487       0.47303501036905260
surface temperature(C) =      -29.84415551815871480      -2.06756444604371836
sensible heat flx      =       -7.22082987889605388      10.33364213432699510
latent heat flx        =       -0.91884749373268459      -7.42892233782335420
subl/cond (m ice)      =        0.00000249993062248       0.00002053414735580
top melt (m)           =        0.00000000000000000       0.00000000000000000
bottom melt (m)        =        0.00000000000000000       0.00068007509545938
new ice (m)            =        0.00000000000000000       0.00000000000000000
congelation (m)        =        0.00046934469393874       0.00000000000000000
snow-ice (m)           =        0.00000000000000000       0.00265294825342882
effective dhi (m)      =        0.00057756625414207      -0.00084732258006433
effective dhs (m)      =        0.00012789267594307      -0.00027987321583943
intnl enrgy chng(W/m^2)=       25.99881391548448310     -39.95959130307297610
thermo diag (m)        =        0.00057756625414207      -0.00084732258006433
 ----------ocn----------
sst (C)                =       -1.69675287903066874      -1.17064967260580488
freezing temp (C)      =       -1.69676419118112487      -1.82350462984751105
heat used (W/m^2)      =        0.77950662750967947    1000.00000000000011000
  
 istep1: 83556  date:  200129  sec:  0
                                             Arctic                 Antarctic
max cH (m)             =        6.41615799020593958       5.14674363259991097
total area (km^2)      =    1.62621268487492669E+07   7.01059132102084346E+06
total ice volume (m^3) =    2.68722566934857891E+13   1.09900819356192539E+13
total snw volume (m^3) =    2.81811313450002832E+12   3.15028744600788477E+12
average albedo         =        0.73491905448969641       0.68544478314483170
max u, v (m/s)         =        0.19474877912295874       0.16194315438116624
                          
       Lat, Long                     88.7   -0.2          -67.9   41.4
     my_task, i, j                   5.  25.  53.           0.  24.   8.
 ----------atm----------
air temperature (C)    =      -28.31778804261091410      -1.46142666834452939
specific humidity      =        0.00040032302861843       0.00304406175046379
snowfall (m)           =        0.00009229638143716       0.00005013763005384
total snow to date (m) =        0.02701368315731451       0.01431917536784688
rainfall (m)           =        0.00000000000000000       0.00000000000000000
shortwave radiation sum=        0.00000000000000000     222.70418911105201700
longwave radiation     =      189.66950137548795400     252.53361414483310900
 ----------ice----------
area fraction          =        0.99840022123834349       0.02454581605995495
avg ice thickness (m)  =        2.26629590764340394       1.34425107921447706
avg snow depth (m)     =        0.23626514030669746       0.44391385712328718
surface temperature(C) =      -28.12702335561488100      -2.58784943311997040
sensible heat flx      =       -3.45064755406612278       1.37379386475816068
latent heat flx        =        0.28184781983633006      -0.25121439690577718
subl/cond (m ice)      =       -0.00000076637498899       0.00000069463217056
top melt (m)           =        0.00000000000000000       0.00000000000000000
bottom melt (m)        =        0.00000000000000000       0.00058458007632712
new ice (m)            =        0.00000000000000000       0.00000000000000000
congelation (m)        =        0.00047360406370091       0.00000000000000000
snow-ice (m)           =        0.00000000000000000       0.00255757361028667
effective dhi (m)      =        0.00055959761108992      -0.00035201213660863
effective dhs (m)      =        0.00011601127572719      -0.00011807569775823
intnl enrgy chng(W/m^2)=       22.58496563946207300     -16.92910954134875110
thermo diag (m)        =        0.00055959761108992      -0.00035201213660863
 ----------ocn----------
sst (C)                =       -1.69683197656058837      -1.06863050122234426
freezing temp (C)      =       -1.69683546030700727      -1.82315297494570228
heat used (W/m^2)      =        0.04383697669422211    1000.00000000000011000
  
 istep1: 83568  date:  200130  sec:  0
                                             Arctic                 Antarctic
max cH (m)             =        6.41912123049646155       5.14238999148383691
total area (km^2)      =    1.62916380368509479E+07   6.87045153046265244E+06
total ice volume (m^3) =    2.69563383175182188E+13   1.08035169825473184E+13
total snw volume (m^3) =    2.83802925324073145E+12   3.10833069847443066E+12
average albedo         =        0.73624693100234451       0.68804748552557149
max u, v (m/s)         =        0.18575462042493326       0.13626805579665743
                          
       Lat, Long                     88.7   -0.2          -67.9   41.4
     my_task, i, j                   5.  25.  53.           0.  24.   8.
 ----------atm----------
air temperature (C)    =      -27.31888420933472620      -1.69952415635316356
specific humidity      =        0.00041150275546186       0.00285818057772201
snowfall (m)           =        0.00009345478738245       0.00005198774913036
total snow to date (m) =        0.02813514060590392       0.01494302835741121
rainfall (m)           =        0.00000000000000000       0.00000000000000000
shortwave radiation sum=        0.00000000000000000     219.60707843631124100
longwave radiation     =      191.39928767713433900     251.82437511317013400
 ----------ice----------
area fraction          =        0.99990520450227949       0.02240348136794414
avg ice thickness (m)  =        2.26883875124852352       1.24139118453614450
avg snow depth (m)     =        0.23723645970108936       0.40976170054468697
surface temperature(C) =      -27.56949442015724120      -3.10172883043640013
sensible heat flx      =       -1.21804815409799461       2.03583133108159453
latent heat flx        =       -0.22174388133113995      -2.57759838631342086
subl/cond (m ice)      =        0.00000060473778680       0.00000712670012242
top melt (m)           =        0.00000000000000000       0.00000000000000000
bottom melt (m)        =        0.00000000000000000       0.00053537322160478
new ice (m)            =        0.00000000000000000       0.00000000000000000
congelation (m)        =        0.00044854566779189       0.00000000000000000
snow-ice (m)           =        0.00000000000000000       0.00255442232232506
effective dhi (m)      =        0.00051129522333326      -0.00036928204200752
effective dhs (m)      =        0.00010469074831376      -0.00012316419593218
intnl enrgy chng(W/m^2)=       19.04214100793004150     -17.64310780798524900
thermo diag (m)        =        0.00051129522333326      -0.00036928204200752
 ----------ocn----------
sst (C)                =       -1.69689935146078597      -0.97230356988757194
freezing temp (C)      =       -1.69690406232848678      -1.82280342796621997
heat used (W/m^2)      =        0.87437742448387423     999.99999999999988600
  
 istep1: 83580  date:  200131  sec:  0
                                             Arctic                 Antarctic
max cH (m)             =        6.42162531247987900       5.13348579124530602
total area (km^2)      =    1.63485970229641218E+07   6.73630693630789593E+06
total ice volume (m^3) =    2.70413636664187266E+13   1.06240455888213184E+13
total snw volume (m^3) =    2.85872340116102148E+12   3.06816156455503760E+12
average albedo         =        0.73663635310080822       0.69429614854441890
max u, v (m/s)         =        0.16693086453878628       0.12676988126649683
                          
       Lat, Long                     88.7   -0.2          -67.9   41.4
     my_task, i, j                   5.  25.  53.           0.  24.   8.
 ----------atm----------
air temperature (C)    =      -31.58708754362442050      -2.14763758564635054
specific humidity      =        0.00026269920498134       0.00285206433425345
snowfall (m)           =        0.00009462094438866       0.00005397704643357
total snow to date (m) =        0.02927059193856788       0.01559075291461400
rainfall (m)           =        0.00000000000000000       0.00000000000000000
shortwave radiation sum=        0.00000000000000000     216.47627040426809200
longwave radiation     =      183.86922908336217100     250.40741767596949800
 ----------ice----------
area fraction          =        0.99961474559751773       0.02132080499207448
avg ice thickness (m)  =        2.27526621932102691       1.15618158320076381
avg snow depth (m)     =        0.23847848758373963       0.38053621257685405
surface temperature(C) =      -30.23104154247644710      -3.13532002088214767
sensible heat flx      =       -8.13316424587375941       7.69589234823395962
latent heat flx        =       -0.86241999063005204      -4.47345599617301382
subl/cond (m ice)      =        0.00000234774050226       0.00001236216960942
top melt (m)           =        0.00000000000000000       0.00000000000000000
bottom melt (m)        =        0.00000000000000000       0.00051089029780249
new ice (m)            =        0.00000000000000000       0.00000000000000000
congelation (m)        =        0.00043812820271737       0.00000000000000000
snow-ice (m)           =        0.00000000000000000       0.00250653087387084
effective dhi (m)      =        0.00051182222242030      -0.00025272347740415
effective dhs (m)      =        0.00010749993432763      -0.00008568106205172
intnl enrgy chng(W/m^2)=       26.06277081602149440     -12.26319498800724260
thermo diag (m)        =        0.00051182222242030      -0.00025272347740415
 ----------ocn----------
sst (C)                =       -1.69696729297487536      -0.88562397199700627
freezing temp (C)      =       -1.69696979468649856      -1.82245642112632722
heat used (W/m^2)      =        0.69917714075663406     999.99999999999988600
  
 istep1: 83592  date:  200201  sec:  0
                                             Arctic                 Antarctic
max cH (m)             =        6.42734638674339998       5.12193864995190928
total area (km^2)      =    1.64248920890491288E+07   6.77762086298222467E+06
total ice volume (m^3) =    2.71301650380620000E+13   1.04537310085193203E+13
total snw volume (m^3) =    2.88041399496280176E+12   3.03041705393953418E+12
average albedo         =        0.73677967485328322       0.68461722421511495
max u, v (m/s)         =        0.22366783494465950       0.12674475583833697
                          
       Lat, Long                     88.7   -0.2          -67.9   41.4
     my_task, i, j                   5.  25.  53.           0.  24.   8.
 ----------atm----------
air temperature (C)    =      -33.52751560758176200      -2.48186028617158172
specific humidity      =        0.00015904537845530       0.00288417923516555
snowfall (m)           =        0.00010118217440103       0.00003803312565856
total snow to date (m) =        0.03048477803138024       0.01604715042251674
rainfall (m)           =        0.00000000000000000       0.00000000000000000
shortwave radiation sum=        4.08828493218649669     210.06705976568457600
longwave radiation     =      180.04224679340265400     249.53001151840328500
 ----------ice----------
area fraction          =        0.99912743648066427       0.01968932682429172
avg ice thickness (m)  =        2.28066178054641044       1.09032147300141946
avg snow depth (m)     =        0.23976931230511167       0.35817526569240743
surface temperature(C) =      -32.32073475979564140      -3.71661067102320430
sensible heat flx      =      -14.90273002461534620       5.76989011690488596
latent heat flx        =       -3.34207864483628247      -1.08720399895457098
subl/cond (m ice)      =        0.00000908969566026       0.00000300440886398
top melt (m)           =        0.00000000000000000       0.00000000000000000
bottom melt (m)        =        0.00021749751525576       0.00047314184009985
new ice (m)            =        0.00000000000000000       0.00000000000000000
congelation (m)        =        0.00006713052573933       0.00000000000000000
snow-ice (m)           =        0.00000000000000000       0.00241508657099103
effective dhi (m)      =       -0.00019424724062178      -0.00020861308481069
effective dhs (m)      =        0.00009383534523127      -0.00006971180714053
intnl enrgy chng(W/m^2)=        2.97181681782007212     -10.03988739495165560
thermo diag (m)        =       -0.00019424724062178      -0.00020861308481069
 ----------ocn----------
sst (C)                =       -1.69898486986591024      -0.81000193719830804
freezing temp (C)      =       -1.69899353950725263      -1.82142357915821451
heat used (W/m^2)      =       24.00319568700829010     999.99999999999988600
  
 Finished writing iceh_mavg.0020-01.nc
